Park,Robin			1870.93 (+370.925)
Are,Sreenath			1870.93 (+370.925)
Xia,Victoria			1761.33 (+261.333)
Kim,Ildoo			1761.33 (+261.333)
Hsiang,Samuel			1870.93 (+370.925)
Kang,Abraham(Yongkoo)			1580.09 (+80.086)
Reddy,Sushrutha			1870.93 (+370.925)
Erabelli,Saroja			1761.33 (+261.333)
Cha,Tim			1580.09 (+80.086)
Ren,Ivy			1761.33 (+261.333)
Kang,DooWon			1761.33 (+261.333)
Lin,Kevin			1761.33 (+261.333)
Jung,Joslyn			1580.09 (+80.086)
Yin,Jennifer			1870.93 (+370.925)
You,Michael			1761.33 (+261.333)
Zhang,William			1580.09 (+80.086)
Lee,Veronica			1373.55 (-126.452)
Sun,Haoyuan			1761.33 (+261.333)
Zhang,Alec			1761.33 (+261.333)
Xu,Alexander			1761.33 (+261.333)
Ou,Winston			1373.55 (-126.452)
Feng,Perry			1761.33 (+261.333)
Abrishami,Tara			1580.09 (+80.086)
Cheng,Allen			1580.09 (+80.086)
Yang,Andrew			1761.33 (+261.333)
Kim,Julie			1761.33 (+261.333)
Kim,Sara			1761.33 (+261.333)
Zhao,DavidF			1373.55 (-126.452)
Balasubramaniam,Shankar			1183.87 (-316.129)
Wang,Lawrence(Larry)			1761.33 (+261.333)
Wang,Alexander			1373.55 (-126.452)
Guo,Danny			1580.09 (+80.086)
Muthakana,Hariank			1580.09 (+80.086)
Sun,Wendy			1580.09 (+80.086)
Lee,SeungHa(Doyle)			1580.09 (+80.086)
Zhang,Tiger			1761.33 (+261.333)
Ju,Daniel			1580.09 (+80.086)
Gunter-Rahman,Fatima			1373.55 (-126.452)
Oh,Suhoon			1183.87 (-316.129)
Kannan,Arun			1761.33 (+261.333)
Khanna,Rajat			1580.09 (+80.086)
Li,Hans			1373.55 (-126.452)
Zhang,Reed			1373.55 (-126.452)
Cai,Jesse			1373.55 (-126.452)
Zou,Emily			1373.55 (-126.452)
Wen,Kathryn			1183.87 (-316.129)
Xu,William			1580.09 (+80.086)
Chu,Cece			1373.55 (-126.452)
Cho,Woohyeong			1373.55 (-126.452)
Han,Harry			1580.09 (+80.086)
Fang,Jennifer			1580.09 (+80.086)
Chen,Joseph			1373.55 (-126.452)
Liu,David			1183.87 (-316.129)
Lee,Daniel			1183.87 (-316.129)
Jain,Rishub			1580.09 (+80.086)
Thiagarajan,Dilip			1870.93 (+370.925)
Sun,Alex			1761.33 (+261.333)
Ko,Jonathan			1580.09 (+80.086)
Rossi,Zane			1580.09 (+80.086)
Bhasin,Vishal			1183.87 (-316.129)
Wood-Thomas,Devon			1373.55 (-126.452)
Wu,Jessica			1373.55 (-126.452)
Kim,Ilwoo			1580.09 (+80.086)
Uttla,Puneeth			1580.09 (+80.086)
Jo,Kevin			1183.87 (-316.129)
Na,Vanessa			1580.09 (+80.086)
Ponukumati,Aditya			1373.55 (-126.452)
Liu,Sharon			1183.87 (-316.129)
Lam,Jason			1183.87 (-316.129)
Banerjee,Rohan			1761.33 (+261.333)
Chang,Habeen			1580.09 (+80.086)
Lien,Evan			1183.87 (-316.129)
Shirolkar,Nikhil			1183.87 (-316.129)
Zheng,Jonathan			1183.87 (-316.129)
Doddi,Akshith			1761.33 (+261.333)
Ho,Aaron			1373.55 (-126.452)
Kollur,Shivam			1183.87 (-316.129)
Quach,Anthony			1373.55 (-126.452)
Pai,Gayatri			1183.87 (-316.129)
Save,Mrinal			1373.55 (-126.452)
Kodali,Ravi			1183.87 (-316.129)
Dandu,Jnanadeep			1183.87 (-316.129)
Chandrashekar,Pooja			1373.55 (-126.452)
Kang,Lucas			1580.09 (+80.086)
Prasad,Neeraj			1373.55 (-126.452)
Zhang,Andrew			1373.55 (-126.452)
Edara,Siddhartha			1373.55 (-126.452)
Shroff,Kunal			1373.55 (-126.452)
Feng,John			1373.55 (-126.452)
Kumar,Satvika			1373.55 (-126.452)
Kuo,Kevin			1373.55 (-126.452)
Lang,Allen			1183.87 (-316.129)
Kwun,JoonSuh(Daniel)			1183.87 (-316.129)
Ma,James			1183.87 (-316.129)
